[21-Jul-2024 11:43:33 Europe/Berlin] Grammar items: 11
[21-Jul-2024 11:43:33 Europe/Berlin] Processing grammar item: 11
[21-Jul-2024 11:43:33 Europe/Berlin] Grammar items: 11
[21-Jul-2024 11:43:33 Europe/Berlin] Processing grammar item: 11
[21-Jul-2024 11:43:33 Europe/Berlin] Grammar items: 6
[21-Jul-2024 11:43:33 Europe/Berlin] Processing grammar item: 6
[21-Jul-2024 11:43:33 Europe/Berlin] Grammar items: 11,15,22
[21-Jul-2024 11:43:33 Europe/Berlin] Processing grammar item: 11
[21-Jul-2024 11:43:33 Europe/Berlin] Processing grammar item: 15
[21-Jul-2024 11:43:33 Europe/Berlin] Processing grammar item: 22
[21-Jul-2024 11:43:33 Europe/Berlin] PHP Warning:  Undefined array key 22 in C:\xampp\htdocs\yamakawa\sien\fetch_student_details.php on line 110
[21-Jul-2024 11:43:33 Europe/Berlin] Grammar items: 11
[21-Jul-2024 11:43:33 Europe/Berlin] Processing grammar item: 11
[21-Jul-2024 11:43:33 Europe/Berlin] Grammar items: 11
[21-Jul-2024 11:43:33 Europe/Berlin] Processing grammar item: 11
[21-Jul-2024 11:43:33 Europe/Berlin] Grammar items: 10
[21-Jul-2024 11:43:33 Europe/Berlin] Processing grammar item: 10
[21-Jul-2024 11:43:33 Europe/Berlin] Grammar items: 10,18
[21-Jul-2024 11:43:33 Europe/Berlin] Processing grammar item: 10
[21-Jul-2024 11:43:33 Europe/Berlin] Processing grammar item: 18
[21-Jul-2024 11:43:33 Europe/Berlin] Grammar items: 10
[21-Jul-2024 11:43:33 Europe/Berlin] Processing grammar item: 10
[21-Jul-2024 11:43:33 Europe/Berlin] Grammar items: 10
[21-Jul-2024 11:43:33 Europe/Berlin] Processing grammar item: 10
[21-Jul-2024 11:43:33 Europe/Berlin] Grammar items: 10
[21-Jul-2024 11:43:33 Europe/Berlin] Processing grammar item: 10
[21-Jul-2024 11:43:33 Europe/Berlin] Grammar items: 10
[21-Jul-2024 11:43:33 Europe/Berlin] Processing grammar item: 10
[21-Jul-2024 11:43:33 Europe/Berlin] Grammar items: -1
[21-Jul-2024 11:43:33 Europe/Berlin] Processing grammar item: -1
[21-Jul-2024 11:43:33 Europe/Berlin] Grammar items: -1
[21-Jul-2024 11:43:33 Europe/Berlin] Processing grammar item: -1
[21-Jul-2024 11:43:33 Europe/Berlin] Grammar items: -1
[21-Jul-2024 11:43:33 Europe/Berlin] Processing grammar item: -1
[21-Jul-2024 11:43:33 Europe/Berlin] Grammar items: 3,15
[21-Jul-2024 11:43:33 Europe/Berlin] Processing grammar item: 3
[21-Jul-2024 11:43:33 Europe/Berlin] Processing grammar item: 15
[21-Jul-2024 11:43:33 Europe/Berlin] Grammar items: 11,13,15
[21-Jul-2024 11:43:33 Europe/Berlin] Processing grammar item: 11
[21-Jul-2024 11:43:33 Europe/Berlin] Processing grammar item: 13
[21-Jul-2024 11:43:33 Europe/Berlin] Processing grammar item: 15
[21-Jul-2024 11:43:33 Europe/Berlin] Grammar items: 13,18,15
[21-Jul-2024 11:43:33 Europe/Berlin] Processing grammar item: 13
[21-Jul-2024 11:43:33 Europe/Berlin] Processing grammar item: 18
[21-Jul-2024 11:43:33 Europe/Berlin] Processing grammar item: 15
[21-Jul-2024 11:43:33 Europe/Berlin] Grammar items: 14,15
[21-Jul-2024 11:43:33 Europe/Berlin] Processing grammar item: 14
[21-Jul-2024 11:43:33 Europe/Berlin] Processing grammar item: 15
[21-Jul-2024 11:43:33 Europe/Berlin] Grammar items: -1
[21-Jul-2024 11:43:33 Europe/Berlin] Processing grammar item: -1
[21-Jul-2024 11:43:33 Europe/Berlin] Grammar items: 8,14
[21-Jul-2024 11:43:33 Europe/Berlin] Processing grammar item: 8
[21-Jul-2024 11:43:33 Europe/Berlin] Processing grammar item: 14
[21-Jul-2024 11:43:33 Europe/Berlin] Grammar items: 14,15
[21-Jul-2024 11:43:33 Europe/Berlin] Processing grammar item: 14
[21-Jul-2024 11:43:33 Europe/Berlin] Processing grammar item: 15
[21-Jul-2024 11:43:33 Europe/Berlin] Grammar items: 8,15
[21-Jul-2024 11:43:33 Europe/Berlin] Processing grammar item: 8
[21-Jul-2024 11:43:33 Europe/Berlin] Processing grammar item: 15
[21-Jul-2024 11:43:33 Europe/Berlin] Grammar items: -1
[21-Jul-2024 11:43:33 Europe/Berlin] Processing grammar item: -1
[21-Jul-2024 11:43:33 Europe/Berlin] Grammar items: -1
[21-Jul-2024 11:43:33 Europe/Berlin] Processing grammar item: -1
[21-Jul-2024 11:43:33 Europe/Berlin] Grammar items: -1
[21-Jul-2024 11:43:33 Europe/Berlin] Processing grammar item: -1
[21-Jul-2024 11:43:33 Europe/Berlin] Grammar items: 6,22
[21-Jul-2024 11:43:33 Europe/Berlin] Processing grammar item: 6
[21-Jul-2024 11:43:33 Europe/Berlin] Processing grammar item: 22
[21-Jul-2024 11:43:33 Europe/Berlin] PHP Warning:  Undefined array key 22 in C:\xampp\htdocs\yamakawa\sien\fetch_student_details.php on line 107
[21-Jul-2024 11:43:33 Europe/Berlin] Grammar items: 11,21
[21-Jul-2024 11:43:33 Europe/Berlin] Processing grammar item: 11
[21-Jul-2024 11:43:33 Europe/Berlin] Processing grammar item: 21
[21-Jul-2024 11:43:33 Europe/Berlin] Grammar items: -1
[21-Jul-2024 11:43:33 Europe/Berlin] Processing grammar item: -1
[21-Jul-2024 11:43:33 Europe/Berlin] Grammar items: -1
[21-Jul-2024 11:43:33 Europe/Berlin] Processing grammar item: -1
[21-Jul-2024 11:43:33 Europe/Berlin] Grammar items: 6
[21-Jul-2024 11:43:33 Europe/Berlin] Processing grammar item: 6
